TpTrace Verbose: 0 : 37332, 1, 2023/02/16, 16:31:31.608, 1375492905118, testhost.dll, Version: 17.4.1 Current process architecture: X64
TpTrace Verbose: 0 : 37332, 1, 2023/02/16, 16:31:31.610, 1375492931833, testhost.dll, Runtime location: C:\Program Files\dotnet\shared\Microsoft.NETCore.App\6.0.13
TpTrace Information: 0 : 37332, 1, 2023/02/16, 16:31:31.613, 1375492955301, testhost.dll, DefaultEngineInvoker.Invoke: Testhost process started with args :[--port, 51321],[--endpoint, 127.0.0.1:051321],[--role, client],[--parentprocessid, 25904],[--diag, C:\Users\mpcat\RevatureTraining\MasonC\Interviews\Geico\SpecFlowIntro\SpecFlowIntro\bin\Debug\net6.0\fine-code-coverage\coverage-tool-output\diagnostics.host.23-02-16_16-31-31_49043_8.log],[--tracelevel, 4],[--datacollectionport, 51320],[--telemetryoptedin, false]
TpTrace Information: 0 : 37332, 1, 2023/02/16, 16:31:31.614, 1375492964525, testhost.dll, Setting up debug trace listener.
TpTrace Verbose: 0 : 37332, 1, 2023/02/16, 16:31:31.614, 1375492966086, testhost.dll, TestPlatformTraceListener.Setup: Replacing listener System.Diagnostics.DefaultTraceListener with TestHostTraceListener.
TpTrace Verbose: 0 : 37332, 1, 2023/02/16, 16:31:31.614, 1375492966371, testhost.dll, TestPlatformTraceListener.Setup: Added test platform trace listener.
TpTrace Information: 0 : 37332, 1, 2023/02/16, 16:31:31.614, 1375492968136, testhost.dll, DefaultEngineInvoker.SetParentProcessExitCallback: Monitoring parent process with id: '25904'
TpTrace Information: 0 : 37332, 1, 2023/02/16, 16:31:31.617, 1375493000686, testhost.dll, DefaultEngineInvoker.GetConnectionInfo: Initialize communication on endpoint address: '127.0.0.1:051321'
TpTrace Information: 0 : 37332, 1, 2023/02/16, 16:31:31.625, 1375493076355, testhost.dll, SocketClient.Start: connecting to server endpoint: 127.0.0.1:051321
TpTrace Information: 0 : 37332, 1, 2023/02/16, 16:31:31.630, 1375493129551, testhost.dll, DefaultEngineInvoker.ConnectToDatacollector: Connecting to datacollector, port: 51320
TpTrace Information: 0 : 37332, 10, 2023/02/16, 16:31:31.631, 1375493141076, testhost.dll, SocketClient.OnServerConnected: connected to server endpoint: 127.0.0.1:051321
TpTrace Information: 0 : 37332, 1, 2023/02/16, 16:31:31.633, 1375493163353, testhost.dll, Trying to connect to server on socket : 127.0.0.1:51320 
TpTrace Verbose: 0 : 37332, 1, 2023/02/16, 16:31:31.634, 1375493166767, testhost.dll, SocketCommunicationManager : SetupClientAsync : Attempting to connect to the server.
TpTrace Verbose: 0 : 37332, 10, 2023/02/16, 16:31:31.635, 1375493174775, testhost.dll, MulticastDelegateUtilities.SafeInvoke: SocketClient: ServerConnected: Invoking callback 1/1 for Microsoft.VisualStudio.TestPlatform.CommunicationUtilities.TestRequestHandler., took 0 ms.
TpTrace Verbose: 0 : 37332, 10, 2023/02/16, 16:31:31.635, 1375493175858, testhost.dll, Connected to server, and starting MessageLoopAsync
TpTrace Information: 0 : 37332, 9, 2023/02/16, 16:31:31.635, 1375493179781, testhost.dll, Connected to the server successfully 
TpTrace Information: 0 : 37332, 9, 2023/02/16, 16:31:31.635, 1375493180249, testhost.dll, Using the buffer size of 16384 bytes
TpTrace Verbose: 0 : 37332, 1, 2023/02/16, 16:31:31.635, 1375493181332, testhost.dll, SocketCommunicationManager.WaitForServerConnection took: 0 ms, with 90000 ms timeout, and finished with True.
TpTrace Information: 0 : 37332, 1, 2023/02/16, 16:31:31.635, 1375493182365, testhost.dll, DefaultEngineInvoker.Invoke: Start Request Processing.
TpTrace Information: 0 : 37332, 13, 2023/02/16, 16:31:31.636, 1375493187272, testhost.dll, DefaultEngineInvoker.StartProcessingAsync: Connected to vstest.console, Starting process requests.
TpTrace Verbose: 0 : 37332, 11, 2023/02/16, 16:31:31.637, 1375493203596, testhost.dll, TcpClientExtensions.MessageLoopAsync: Polling on remoteEndPoint: [::ffff:127.0.0.1]:51321 localEndPoint: [::ffff:127.0.0.1]:51322
TpTrace Verbose: 0 : 37332, 11, 2023/02/16, 16:31:31.638, 1375493206122, testhost.dll, TcpClientExtensions.MessageLoopAsync: NotifyDataAvailable remoteEndPoint: [::ffff:127.0.0.1]:51321 localEndPoint: [::ffff:127.0.0.1]:51322
TpTrace Information: 0 : 37332, 11, 2023/02/16, 16:31:31.640, 1375493233025, testhost.dll, TestRequestHandler.OnMessageReceived: received message: (ProtocolVersion) -> {"MessageType":"ProtocolVersion","Payload":7}
TpTrace Verbose: 0 : 37332, 11, 2023/02/16, 16:31:31.738, 1375494206525, testhost.dll, TestRequestHandler.SendData: sending data from testhost: {"Version":7,"MessageType":"TestSession.Message","Payload":{"MessageLevel":0,"Message":"Logging TestHost Diagnostics in file: C:\\Users\\mpcat\\RevatureTraining\\MasonC\\Interviews\\Geico\\SpecFlowIntro\\SpecFlowIntro\\bin\\Debug\\net6.0\\fine-code-coverage\\coverage-tool-output\\diagnostics.host.23-02-16_16-31-31_49043_8.log"}}
TpTrace Verbose: 0 : 37332, 11, 2023/02/16, 16:31:31.738, 1375494208175, testhost.dll, MulticastDelegateUtilities.SafeInvoke: LengthPrefixCommunicationChannel: MessageReceived: Invoking callback 1/1 for Microsoft.VisualStudio.TestPlatform.CommunicationUtilities.TestRequestHandler., took 99 ms.
TpTrace Verbose: 0 : 37332, 11, 2023/02/16, 16:31:31.738, 1375494208605, testhost.dll, TcpClientExtensions.MessageLoopAsync: Polling on remoteEndPoint: [::ffff:127.0.0.1]:51321 localEndPoint: [::ffff:127.0.0.1]:51322
TpTrace Verbose: 0 : 37332, 11, 2023/02/16, 16:31:31.738, 1375494208886, testhost.dll, TcpClientExtensions.MessageLoopAsync: NotifyDataAvailable remoteEndPoint: [::ffff:127.0.0.1]:51321 localEndPoint: [::ffff:127.0.0.1]:51322
TpTrace Information: 0 : 37332, 11, 2023/02/16, 16:31:31.738, 1375494209400, testhost.dll, TestRequestHandler.OnMessageReceived: received message: (TestExecution.Initialize) -> {"Version":7,"MessageType":"TestExecution.Initialize","Payload":["C:\\Users\\mpcat\\RevatureTraining\\MasonC\\Interviews\\Geico\\SpecFlowIntro\\SpecFlowIntro\\bin\\Debug\\net6.0\\fine-code-coverage\\build-output\\NUnit3.TestAdapter.dll"]}
TpTrace Verbose: 0 : 37332, 11, 2023/02/16, 16:31:31.747, 1375494296120, testhost.dll, MulticastDelegateUtilities.SafeInvoke: LengthPrefixCommunicationChannel: MessageReceived: Invoking callback 1/1 for Microsoft.VisualStudio.TestPlatform.CommunicationUtilities.TestRequestHandler., took 8 ms.
TpTrace Verbose: 0 : 37332, 11, 2023/02/16, 16:31:31.747, 1375494297066, testhost.dll, TcpClientExtensions.MessageLoopAsync: Polling on remoteEndPoint: [::ffff:127.0.0.1]:51321 localEndPoint: [::ffff:127.0.0.1]:51322
TpTrace Verbose: 0 : 37332, 11, 2023/02/16, 16:31:31.747, 1375494297432, testhost.dll, TcpClientExtensions.MessageLoopAsync: NotifyDataAvailable remoteEndPoint: [::ffff:127.0.0.1]:51321 localEndPoint: [::ffff:127.0.0.1]:51322
TpTrace Information: 0 : 37332, 11, 2023/02/16, 16:31:31.747, 1375494298175, testhost.dll, TestRequestHandler.OnMessageReceived: received message: (TestExecution.StartWithSources) -> {"Version":7,"MessageType":"TestExecution.StartWithSources","Payload":{"AdapterSourceMap":{"_none_":["C:\\Users\\mpcat\\RevatureTraining\\MasonC\\Interviews\\Geico\\SpecFlowIntro\\SpecFlowIntro\\bin\\Debug\\net6.0\\fine-code-coverage\\build-output\\SpecFlowIntro.dll"]},"RunSettings":"<RunSettings>\r\n  <RunConfiguration>\r\n    <ResultsDirectory>C:\\Users\\mpcat\\RevatureTraining\\MasonC\\Interviews\\Geico\\SpecFlowIntro\\SpecFlowIntro\\bin\\Debug\\net6.0\\fine-code-coverage\\coverage-tool-output</ResultsDirectory>\r\n    <TargetFrameworkVersion>.NETCoreApp,Version=v6.0</TargetFrameworkVersion>\r\n    <DesignMode>False</DesignMode>\r\n    <CollectSourceInformation>False</CollectSourceInformation>\r\n  </RunConfiguration>\r\n  <LoggerRunSettings>\r\n    <Loggers>\r\n      <Logger friendlyName=\"blame\" enabled=\"True\" />\r\n      <Logger friendlyName=\"Console\" uri=\"logger://microsoft/TestPlatform/ConsoleLogger/v1\" assemblyQualifiedName=\"Microsoft.VisualStudio.TestPlatform.CommandLine.Internal.ConsoleLogger, vstest.console, Version=15.0.0.0, Culture=neutral, PublicKeyToken=b03f5f7f11d50a3a\" codeBase=\"C:\\Program Files\\dotnet\\sdk\\7.0.102\\vstest.console.dll\" enabled=\"True\" />\r\n    </Loggers>\r\n  </LoggerRunSettings>\r\n  <DataCollectionRunSettings>\r\n    <DataCollectors>\r\n      <DataCollector friendlyName=\"blame\" enabled=\"True\">\r\n        <Configuration>\r\n          <ResultsDirectory>C:\\Users\\mpcat\\RevatureTraining\\MasonC\\Interviews\\Geico\\SpecFlowIntro\\SpecFlowIntro\\bin\\Debug\\net6.0\\fine-code-coverage\\coverage-tool-output</ResultsDirectory>\r\n        </Configuration>\r\n      </DataCollector>\r\n    </DataCollectors>\r\n  </DataCollectionRunSettings>\r\n</RunSettings>","TestExecutionContext":{"FrequencyOfRunStatsChangeEvent":10,"RunStatsChangeEventTimeout":"00:00:01.5000000","InIsolation":false,"KeepAlive":false,"AreTestCaseLevelEventsRequired":false,"IsDebug":false,"TestCaseFilter":null,"FilterOptions":null},"Package":null}}
TpTrace Information: 0 : 37332, 4, 2023/02/16, 16:31:31.747, 1375494299918, testhost.dll, TestRequestHandler.OnMessageReceived: Running job 'TestExecution.Initialize'.
TpTrace Verbose: 0 : 37332, 4, 2023/02/16, 16:31:31.749, 1375494315018, testhost.dll, TestExecutorService: Loading the extensions
TpTrace Verbose: 0 : 37332, 4, 2023/02/16, 16:31:31.750, 1375494327984, testhost.dll, TestPluginCache.DiscoverTestExtensions: finding test extensions in assemblies ends with: TestAdapter.dll TPluginInfo: Microsoft.VisualStudio.TestPlatform.Common.ExtensionFramework.Utilities.TestExecutorPluginInformation TExtension: Microsoft.VisualStudio.TestPlatform.ObjectModel.Adapter.ITestExecutor
TpTrace Verbose: 0 : 37332, 4, 2023/02/16, 16:31:31.751, 1375494336377, testhost.dll, TestPluginCache.GetExtensionPaths: Filtered extension paths: 
TpTrace Verbose: 0 : 37332, 4, 2023/02/16, 16:31:31.751, 1375494338832, testhost.dll, TestPluginCache.GetExtensionPaths: Added default extension paths: C:\Users\mpcat\RevatureTraining\MasonC\Interviews\Geico\SpecFlowIntro\SpecFlowIntro\bin\Debug\net6.0\fine-code-coverage\build-output\NUnit3.TestAdapter.dll
TpTrace Verbose: 0 : 37332, 4, 2023/02/16, 16:31:31.751, 1375494339111, testhost.dll, TestPluginCache.GetExtensionPaths: Added unfilterableExtensionPaths: 
TpTrace Information: 0 : 37332, 4, 2023/02/16, 16:31:31.752, 1375494351840, testhost.dll, AssemblyResolver.ctor: Creating AssemblyResolver with searchDirectories C:\Users\mpcat\RevatureTraining\MasonC\Interviews\Geico\SpecFlowIntro\SpecFlowIntro\bin\Debug\net6.0\fine-code-coverage\build-output
TpTrace Verbose: 0 : 37332, 4, 2023/02/16, 16:31:31.754, 1375494364545, testhost.dll, TestPluginCache.DiscoverTestExtensions: Discovering the extensions using extension path.
TpTrace Verbose: 0 : 37332, 4, 2023/02/16, 16:31:31.754, 1375494366400, testhost.dll, TestPluginCache.GetExtensionPaths: Filtered extension paths: 
TpTrace Verbose: 0 : 37332, 4, 2023/02/16, 16:31:31.754, 1375494366863, testhost.dll, TestPluginCache.GetExtensionPaths: Added default extension paths: C:\Users\mpcat\RevatureTraining\MasonC\Interviews\Geico\SpecFlowIntro\SpecFlowIntro\bin\Debug\net6.0\fine-code-coverage\build-output\NUnit3.TestAdapter.dll
TpTrace Verbose: 0 : 37332, 4, 2023/02/16, 16:31:31.754, 1375494367140, testhost.dll, TestPluginCache.GetExtensionPaths: Added unfilterableExtensionPaths: 
TpTrace Verbose: 0 : 37332, 4, 2023/02/16, 16:31:31.754, 1375494367685, testhost.dll, TestPluginCache.DiscoverTestExtensions: Discovering the extensions using allExtensionPaths: C:\Users\mpcat\RevatureTraining\MasonC\Interviews\Geico\SpecFlowIntro\SpecFlowIntro\bin\Debug\net6.0\fine-code-coverage\build-output\NUnit3.TestAdapter.dll
TpTrace Information: 0 : 37332, 4, 2023/02/16, 16:31:31.755, 1375494373746, testhost.dll, AssemblyResolver.AddSearchDirectories: Adding more searchDirectories C:\Users\mpcat\RevatureTraining\MasonC\Interviews\Geico\SpecFlowIntro\SpecFlowIntro\bin\Debug\net6.0\fine-code-coverage\build-output
TpTrace Information: 0 : 37332, 4, 2023/02/16, 16:31:31.759, 1375494415158, testhost.dll, AssemblyResolver.OnResolve: NUnit3.TestAdapter: Resolving assembly.
TpTrace Information: 0 : 37332, 4, 2023/02/16, 16:31:31.759, 1375494416378, testhost.dll, AssemblyResolver.OnResolve: NUnit3.TestAdapter: Searching in: 'C:\Users\mpcat\RevatureTraining\MasonC\Interviews\Geico\SpecFlowIntro\SpecFlowIntro\bin\Debug\net6.0\fine-code-coverage\build-output'.
TpTrace Information: 0 : 37332, 4, 2023/02/16, 16:31:31.760, 1375494425277, testhost.dll, AssemblyResolver.OnResolve: NUnit3.TestAdapter: Loading assembly 'C:\Users\mpcat\RevatureTraining\MasonC\Interviews\Geico\SpecFlowIntro\SpecFlowIntro\bin\Debug\net6.0\fine-code-coverage\build-output\NUnit3.TestAdapter.dll'.
TpTrace Information: 0 : 37332, 4, 2023/02/16, 16:31:31.760, 1375494429985, testhost.dll, AssemblyResolver.OnResolve: Resolved assembly: NUnit3.TestAdapter, from path: C:\Users\mpcat\RevatureTraining\MasonC\Interviews\Geico\SpecFlowIntro\SpecFlowIntro\bin\Debug\net6.0\fine-code-coverage\build-output\NUnit3.TestAdapter.dll
TpTrace Verbose: 0 : 37332, 11, 2023/02/16, 16:31:31.770, 1375494533328, testhost.dll, MulticastDelegateUtilities.SafeInvoke: LengthPrefixCommunicationChannel: MessageReceived: Invoking callback 1/1 for Microsoft.VisualStudio.TestPlatform.CommunicationUtilities.TestRequestHandler., took 23 ms.
TpTrace Verbose: 0 : 37332, 11, 2023/02/16, 16:31:31.771, 1375494534096, testhost.dll, TcpClientExtensions.MessageLoopAsync: Polling on remoteEndPoint: [::ffff:127.0.0.1]:51321 localEndPoint: [::ffff:127.0.0.1]:51322
TpTrace Verbose: 0 : 37332, 4, 2023/02/16, 16:31:31.780, 1375494633060, testhost.dll, MetadataReaderExtensionsHelper: Discovering extensions inside assembly 'NUnit3.TestAdapter, Version=4.3.1.0, Culture=neutral, PublicKeyToken=4cb40d35494691ac' file path 'C:\Users\mpcat\RevatureTraining\MasonC\Interviews\Geico\SpecFlowIntro\SpecFlowIntro\bin\Debug\net6.0\fine-code-coverage\build-output\NUnit3.TestAdapter.dll'
TpTrace Information: 0 : 37332, 4, 2023/02/16, 16:31:31.786, 1375494690428, testhost.dll, AssemblyResolver.OnResolve: nunit.engine.api: Resolving assembly.
TpTrace Information: 0 : 37332, 4, 2023/02/16, 16:31:31.786, 1375494691729, testhost.dll, AssemblyResolver.OnResolve: nunit.engine.api: Searching in: 'C:\Users\mpcat\RevatureTraining\MasonC\Interviews\Geico\SpecFlowIntro\SpecFlowIntro\bin\Debug\net6.0\fine-code-coverage\build-output'.
TpTrace Information: 0 : 37332, 4, 2023/02/16, 16:31:31.787, 1375494695268, testhost.dll, AssemblyResolver.OnResolve: nunit.engine.api: Loading assembly 'C:\Users\mpcat\RevatureTraining\MasonC\Interviews\Geico\SpecFlowIntro\SpecFlowIntro\bin\Debug\net6.0\fine-code-coverage\build-output\nunit.engine.api.dll'.
TpTrace Information: 0 : 37332, 4, 2023/02/16, 16:31:31.787, 1375494698964, testhost.dll, AssemblyResolver.OnResolve: Resolved assembly: nunit.engine.api, from path: C:\Users\mpcat\RevatureTraining\MasonC\Interviews\Geico\SpecFlowIntro\SpecFlowIntro\bin\Debug\net6.0\fine-code-coverage\build-output\nunit.engine.api.dll
TpTrace Information: 0 : 37332, 4, 2023/02/16, 16:31:31.790, 1375494726361, testhost.dll, GetTestExtensionFromType: Register extension with identifier data 'executor://NUnit3TestExecutor' and type 'NUnit.VisualStudio.TestAdapter.NUnit3TestExecutor, NUnit3.TestAdapter, Version=4.3.1.0, Culture=neutral, PublicKeyToken=4cb40d35494691ac' inside file 'C:\Users\mpcat\RevatureTraining\MasonC\Interviews\Geico\SpecFlowIntro\SpecFlowIntro\bin\Debug\net6.0\fine-code-coverage\build-output\NUnit3.TestAdapter.dll'
TpTrace Verbose: 0 : 37332, 4, 2023/02/16, 16:31:31.792, 1375494745914, testhost.dll, TestPluginCache: Discovered the extensions using extension path ''.
TpTrace Verbose: 0 : 37332, 4, 2023/02/16, 16:31:31.792, 1375494749179, testhost.dll, TestPluginCache: Discoverers are ''.
TpTrace Verbose: 0 : 37332, 4, 2023/02/16, 16:31:31.792, 1375494749694, testhost.dll, TestPluginCache: Executors are 'executor://NUnit3TestExecutor'.
TpTrace Verbose: 0 : 37332, 4, 2023/02/16, 16:31:31.792, 1375494750045, testhost.dll, TestPluginCache: Executors2 are ''.
TpTrace Verbose: 0 : 37332, 4, 2023/02/16, 16:31:31.792, 1375494750395, testhost.dll, TestPluginCache: Setting providers are ''.
TpTrace Verbose: 0 : 37332, 4, 2023/02/16, 16:31:31.792, 1375494750711, testhost.dll, TestPluginCache: Loggers are ''.
TpTrace Verbose: 0 : 37332, 4, 2023/02/16, 16:31:31.792, 1375494751004, testhost.dll, TestPluginCache: TestHosts are ''.
TpTrace Verbose: 0 : 37332, 4, 2023/02/16, 16:31:31.792, 1375494751819, testhost.dll, TestPluginCache: DataCollectors are ''.
TpTrace Verbose: 0 : 37332, 4, 2023/02/16, 16:31:31.794, 1375494769973, testhost.dll, TestPluginCache.DiscoverTestExtensions: finding test extensions in assemblies ends with: TestAdapter.dll TPluginInfo: Microsoft.VisualStudio.TestPlatform.Common.ExtensionFramework.Utilities.TestExecutorPluginInformation2 TExtension: Microsoft.VisualStudio.TestPlatform.ObjectModel.Adapter.ITestExecutor2
TpTrace Verbose: 0 : 37332, 4, 2023/02/16, 16:31:31.794, 1375494771683, testhost.dll, TestPluginCache.GetExtensionPaths: Filtered extension paths: 
TpTrace Verbose: 0 : 37332, 4, 2023/02/16, 16:31:31.794, 1375494771966, testhost.dll, TestPluginCache.GetExtensionPaths: Added default extension paths: C:\Users\mpcat\RevatureTraining\MasonC\Interviews\Geico\SpecFlowIntro\SpecFlowIntro\bin\Debug\net6.0\fine-code-coverage\build-output\NUnit3.TestAdapter.dll
TpTrace Verbose: 0 : 37332, 4, 2023/02/16, 16:31:31.794, 1375494772139, testhost.dll, TestPluginCache.GetExtensionPaths: Added unfilterableExtensionPaths: 
TpTrace Information: 0 : 37332, 4, 2023/02/16, 16:31:31.795, 1375494773885, testhost.dll, AssemblyResolver.AddSearchDirectories: Adding more searchDirectories C:\Users\mpcat\RevatureTraining\MasonC\Interviews\Geico\SpecFlowIntro\SpecFlowIntro\bin\Debug\net6.0\fine-code-coverage\build-output
TpTrace Verbose: 0 : 37332, 4, 2023/02/16, 16:31:31.795, 1375494774174, testhost.dll, TestPluginCache.DiscoverTestExtensions: Discovering the extensions using extension path.
TpTrace Verbose: 0 : 37332, 4, 2023/02/16, 16:31:31.795, 1375494774428, testhost.dll, TestPluginCache.GetExtensionPaths: Filtered extension paths: 
TpTrace Verbose: 0 : 37332, 4, 2023/02/16, 16:31:31.795, 1375494774586, testhost.dll, TestPluginCache.GetExtensionPaths: Added default extension paths: C:\Users\mpcat\RevatureTraining\MasonC\Interviews\Geico\SpecFlowIntro\SpecFlowIntro\bin\Debug\net6.0\fine-code-coverage\build-output\NUnit3.TestAdapter.dll
TpTrace Verbose: 0 : 37332, 4, 2023/02/16, 16:31:31.795, 1375494774741, testhost.dll, TestPluginCache.GetExtensionPaths: Added unfilterableExtensionPaths: 
TpTrace Verbose: 0 : 37332, 4, 2023/02/16, 16:31:31.795, 1375494774946, testhost.dll, TestPluginCache.DiscoverTestExtensions: Discovering the extensions using allExtensionPaths: C:\Users\mpcat\RevatureTraining\MasonC\Interviews\Geico\SpecFlowIntro\SpecFlowIntro\bin\Debug\net6.0\fine-code-coverage\build-output\NUnit3.TestAdapter.dll
TpTrace Information: 0 : 37332, 4, 2023/02/16, 16:31:31.795, 1375494775202, testhost.dll, AssemblyResolver.AddSearchDirectories: Adding more searchDirectories C:\Users\mpcat\RevatureTraining\MasonC\Interviews\Geico\SpecFlowIntro\SpecFlowIntro\bin\Debug\net6.0\fine-code-coverage\build-output
TpTrace Verbose: 0 : 37332, 4, 2023/02/16, 16:31:31.795, 1375494775702, testhost.dll, MetadataReaderExtensionsHelper: Discovering extensions inside assembly 'NUnit3.TestAdapter, Version=4.3.1.0, Culture=neutral, PublicKeyToken=4cb40d35494691ac' file path 'C:\Users\mpcat\RevatureTraining\MasonC\Interviews\Geico\SpecFlowIntro\SpecFlowIntro\bin\Debug\net6.0\fine-code-coverage\build-output\NUnit3.TestAdapter.dll'
TpTrace Verbose: 0 : 37332, 4, 2023/02/16, 16:31:31.795, 1375494780443, testhost.dll, TestPluginCache: Discovered the extensions using extension path ''.
TpTrace Verbose: 0 : 37332, 4, 2023/02/16, 16:31:31.795, 1375494780776, testhost.dll, TestPluginCache: Discoverers are ''.
TpTrace Verbose: 0 : 37332, 4, 2023/02/16, 16:31:31.795, 1375494781143, testhost.dll, TestPluginCache: Executors are 'executor://NUnit3TestExecutor'.
TpTrace Verbose: 0 : 37332, 4, 2023/02/16, 16:31:31.795, 1375494781517, testhost.dll, TestPluginCache: Executors2 are ''.
TpTrace Verbose: 0 : 37332, 4, 2023/02/16, 16:31:31.795, 1375494781696, testhost.dll, TestPluginCache: Setting providers are ''.
TpTrace Verbose: 0 : 37332, 4, 2023/02/16, 16:31:31.795, 1375494781845, testhost.dll, TestPluginCache: Loggers are ''.
TpTrace Verbose: 0 : 37332, 4, 2023/02/16, 16:31:31.795, 1375494782019, testhost.dll, TestPluginCache: TestHosts are ''.
TpTrace Verbose: 0 : 37332, 4, 2023/02/16, 16:31:31.795, 1375494782181, testhost.dll, TestPluginCache: DataCollectors are ''.
TpTrace Information: 0 : 37332, 4, 2023/02/16, 16:31:31.799, 1375494813658, testhost.dll, TestPluginManager.CreateTestExtension: Attempting to load test extension: NUnit.VisualStudio.TestAdapter.NUnit3TestExecutor
TpTrace Verbose: 0 : 37332, 4, 2023/02/16, 16:31:31.799, 1375494816398, testhost.dll, TestExecutorExtensionManager: Loading executor NUnit.VisualStudio.TestAdapter.NUnit3TestExecutor
TpTrace Verbose: 0 : 37332, 4, 2023/02/16, 16:31:31.799, 1375494816712, testhost.dll, TestExecutorService: Loaded the executors
TpTrace Verbose: 0 : 37332, 4, 2023/02/16, 16:31:31.800, 1375494823844, testhost.dll, TestPluginCache.DiscoverTestExtensions: finding test extensions in assemblies ends with: TestAdapter.dll TPluginInfo: Microsoft.VisualStudio.TestPlatform.Common.ExtensionFramework.Utilities.TestSettingsProviderPluginInformation TExtension: Microsoft.VisualStudio.TestPlatform.ObjectModel.Adapter.ISettingsProvider
TpTrace Verbose: 0 : 37332, 4, 2023/02/16, 16:31:31.800, 1375494824692, testhost.dll, TestPluginCache.GetExtensionPaths: Filtered extension paths: 
TpTrace Verbose: 0 : 37332, 4, 2023/02/16, 16:31:31.800, 1375494825045, testhost.dll, TestPluginCache.GetExtensionPaths: Added default extension paths: C:\Users\mpcat\RevatureTraining\MasonC\Interviews\Geico\SpecFlowIntro\SpecFlowIntro\bin\Debug\net6.0\fine-code-coverage\build-output\NUnit3.TestAdapter.dll
TpTrace Verbose: 0 : 37332, 4, 2023/02/16, 16:31:31.800, 1375494825304, testhost.dll, TestPluginCache.GetExtensionPaths: Added unfilterableExtensionPaths: 
TpTrace Information: 0 : 37332, 4, 2023/02/16, 16:31:31.800, 1375494826366, testhost.dll, AssemblyResolver.AddSearchDirectories: Adding more searchDirectories C:\Users\mpcat\RevatureTraining\MasonC\Interviews\Geico\SpecFlowIntro\SpecFlowIntro\bin\Debug\net6.0\fine-code-coverage\build-output
TpTrace Verbose: 0 : 37332, 4, 2023/02/16, 16:31:31.800, 1375494826616, testhost.dll, TestPluginCache.DiscoverTestExtensions: Discovering the extensions using extension path.
TpTrace Verbose: 0 : 37332, 4, 2023/02/16, 16:31:31.800, 1375494826830, testhost.dll, TestPluginCache.GetExtensionPaths: Filtered extension paths: 
TpTrace Verbose: 0 : 37332, 4, 2023/02/16, 16:31:31.800, 1375494826988, testhost.dll, TestPluginCache.GetExtensionPaths: Added default extension paths: C:\Users\mpcat\RevatureTraining\MasonC\Interviews\Geico\SpecFlowIntro\SpecFlowIntro\bin\Debug\net6.0\fine-code-coverage\build-output\NUnit3.TestAdapter.dll
TpTrace Verbose: 0 : 37332, 4, 2023/02/16, 16:31:31.800, 1375494827168, testhost.dll, TestPluginCache.GetExtensionPaths: Added unfilterableExtensionPaths: 
TpTrace Verbose: 0 : 37332, 4, 2023/02/16, 16:31:31.800, 1375494827359, testhost.dll, TestPluginCache.DiscoverTestExtensions: Discovering the extensions using allExtensionPaths: C:\Users\mpcat\RevatureTraining\MasonC\Interviews\Geico\SpecFlowIntro\SpecFlowIntro\bin\Debug\net6.0\fine-code-coverage\build-output\NUnit3.TestAdapter.dll
TpTrace Information: 0 : 37332, 4, 2023/02/16, 16:31:31.800, 1375494827629, testhost.dll, AssemblyResolver.AddSearchDirectories: Adding more searchDirectories C:\Users\mpcat\RevatureTraining\MasonC\Interviews\Geico\SpecFlowIntro\SpecFlowIntro\bin\Debug\net6.0\fine-code-coverage\build-output
TpTrace Verbose: 0 : 37332, 4, 2023/02/16, 16:31:31.800, 1375494828031, testhost.dll, MetadataReaderExtensionsHelper: Discovering extensions inside assembly 'NUnit3.TestAdapter, Version=4.3.1.0, Culture=neutral, PublicKeyToken=4cb40d35494691ac' file path 'C:\Users\mpcat\RevatureTraining\MasonC\Interviews\Geico\SpecFlowIntro\SpecFlowIntro\bin\Debug\net6.0\fine-code-coverage\build-output\NUnit3.TestAdapter.dll'
TpTrace Verbose: 0 : 37332, 4, 2023/02/16, 16:31:31.800, 1375494831629, testhost.dll, TestPluginCache: Discovered the extensions using extension path ''.
TpTrace Verbose: 0 : 37332, 4, 2023/02/16, 16:31:31.800, 1375494832068, testhost.dll, TestPluginCache: Discoverers are ''.
TpTrace Verbose: 0 : 37332, 4, 2023/02/16, 16:31:31.800, 1375494832282, testhost.dll, TestPluginCache: Executors are 'executor://NUnit3TestExecutor'.
TpTrace Verbose: 0 : 37332, 4, 2023/02/16, 16:31:31.800, 1375494832486, testhost.dll, TestPluginCache: Executors2 are ''.
TpTrace Verbose: 0 : 37332, 4, 2023/02/16, 16:31:31.800, 1375494832738, testhost.dll, TestPluginCache: Setting providers are ''.
TpTrace Verbose: 0 : 37332, 4, 2023/02/16, 16:31:31.800, 1375494832917, testhost.dll, TestPluginCache: Loggers are ''.
TpTrace Verbose: 0 : 37332, 4, 2023/02/16, 16:31:31.800, 1375494833104, testhost.dll, TestPluginCache: TestHosts are ''.
TpTrace Verbose: 0 : 37332, 4, 2023/02/16, 16:31:31.800, 1375494833304, testhost.dll, TestPluginCache: DataCollectors are ''.
TpTrace Verbose: 0 : 37332, 4, 2023/02/16, 16:31:31.801, 1375494839556, testhost.dll, TestExecutorService: Loaded the settings providers
TpTrace Information: 0 : 37332, 4, 2023/02/16, 16:31:31.801, 1375494839896, testhost.dll, TestExecutorService: Loaded the extensions
TpTrace Information: 0 : 37332, 4, 2023/02/16, 16:31:31.801, 1375494843434, testhost.dll, TestRequestHandler.OnMessageReceived: Running job 'TestExecution.StartWithSources'.
TpTrace Verbose: 0 : 37332, 4, 2023/02/16, 16:31:31.851, 1375495338438, testhost.dll, MulticastDelegateUtilities.SafeInvoke: TestCaseEventsHandler.RaiseSessionStart: Invoking callbacks was skipped because there are no subscribers.
TpTrace Information: 0 : 37332, 4, 2023/02/16, 16:31:31.854, 1375495369403, testhost.dll, TestDiscoveryManager: Discovering tests from sources C:\Users\mpcat\RevatureTraining\MasonC\Interviews\Geico\SpecFlowIntro\SpecFlowIntro\bin\Debug\net6.0\fine-code-coverage\build-output\SpecFlowIntro.dll
TpTrace Verbose: 0 : 37332, 4, 2023/02/16, 16:31:31.857, 1375495397900, testhost.dll, TestPluginCache.DiscoverTestExtensions: finding test extensions in assemblies ends with: TestAdapter.dll TPluginInfo: Microsoft.VisualStudio.TestPlatform.Common.ExtensionFramework.Utilities.TestDiscovererPluginInformation TExtension: Microsoft.VisualStudio.TestPlatform.ObjectModel.Adapter.ITestDiscoverer
TpTrace Verbose: 0 : 37332, 4, 2023/02/16, 16:31:31.857, 1375495399484, testhost.dll, TestPluginCache.GetExtensionPaths: Filtered extension paths: 
TpTrace Verbose: 0 : 37332, 4, 2023/02/16, 16:31:31.857, 1375495399731, testhost.dll, TestPluginCache.GetExtensionPaths: Added default extension paths: C:\Users\mpcat\RevatureTraining\MasonC\Interviews\Geico\SpecFlowIntro\SpecFlowIntro\bin\Debug\net6.0\fine-code-coverage\build-output\NUnit3.TestAdapter.dll
TpTrace Verbose: 0 : 37332, 4, 2023/02/16, 16:31:31.857, 1375495399979, testhost.dll, TestPluginCache.GetExtensionPaths: Added unfilterableExtensionPaths: 
TpTrace Information: 0 : 37332, 4, 2023/02/16, 16:31:31.857, 1375495401665, testhost.dll, AssemblyResolver.AddSearchDirectories: Adding more searchDirectories C:\Users\mpcat\RevatureTraining\MasonC\Interviews\Geico\SpecFlowIntro\SpecFlowIntro\bin\Debug\net6.0\fine-code-coverage\build-output
TpTrace Verbose: 0 : 37332, 4, 2023/02/16, 16:31:31.857, 1375495401968, testhost.dll, TestPluginCache.DiscoverTestExtensions: Discovering the extensions using extension path.
TpTrace Verbose: 0 : 37332, 4, 2023/02/16, 16:31:31.857, 1375495402180, testhost.dll, TestPluginCache.GetExtensionPaths: Filtered extension paths: 
TpTrace Verbose: 0 : 37332, 4, 2023/02/16, 16:31:31.857, 1375495402338, testhost.dll, TestPluginCache.GetExtensionPaths: Added default extension paths: C:\Users\mpcat\RevatureTraining\MasonC\Interviews\Geico\SpecFlowIntro\SpecFlowIntro\bin\Debug\net6.0\fine-code-coverage\build-output\NUnit3.TestAdapter.dll
TpTrace Verbose: 0 : 37332, 4, 2023/02/16, 16:31:31.857, 1375495402506, testhost.dll, TestPluginCache.GetExtensionPaths: Added unfilterableExtensionPaths: 
TpTrace Verbose: 0 : 37332, 4, 2023/02/16, 16:31:31.857, 1375495402678, testhost.dll, TestPluginCache.DiscoverTestExtensions: Discovering the extensions using allExtensionPaths: C:\Users\mpcat\RevatureTraining\MasonC\Interviews\Geico\SpecFlowIntro\SpecFlowIntro\bin\Debug\net6.0\fine-code-coverage\build-output\NUnit3.TestAdapter.dll
TpTrace Information: 0 : 37332, 4, 2023/02/16, 16:31:31.857, 1375495403036, testhost.dll, AssemblyResolver.AddSearchDirectories: Adding more searchDirectories C:\Users\mpcat\RevatureTraining\MasonC\Interviews\Geico\SpecFlowIntro\SpecFlowIntro\bin\Debug\net6.0\fine-code-coverage\build-output
TpTrace Verbose: 0 : 37332, 4, 2023/02/16, 16:31:31.858, 1375495403746, testhost.dll, MetadataReaderExtensionsHelper: Discovering extensions inside assembly 'NUnit3.TestAdapter, Version=4.3.1.0, Culture=neutral, PublicKeyToken=4cb40d35494691ac' file path 'C:\Users\mpcat\RevatureTraining\MasonC\Interviews\Geico\SpecFlowIntro\SpecFlowIntro\bin\Debug\net6.0\fine-code-coverage\build-output\NUnit3.TestAdapter.dll'
TpTrace Information: 0 : 37332, 4, 2023/02/16, 16:31:31.860, 1375495424304, testhost.dll, GetTestExtensionFromType: Register extension with identifier data 'NUnit.VisualStudio.TestAdapter.NUnit3TestDiscoverer, NUnit3.TestAdapter, Version=4.3.1.0, Culture=neutral, PublicKeyToken=4cb40d35494691ac' and type 'NUnit.VisualStudio.TestAdapter.NUnit3TestDiscoverer, NUnit3.TestAdapter, Version=4.3.1.0, Culture=neutral, PublicKeyToken=4cb40d35494691ac' inside file 'C:\Users\mpcat\RevatureTraining\MasonC\Interviews\Geico\SpecFlowIntro\SpecFlowIntro\bin\Debug\net6.0\fine-code-coverage\build-output\NUnit3.TestAdapter.dll'
TpTrace Verbose: 0 : 37332, 4, 2023/02/16, 16:31:31.860, 1375495425552, testhost.dll, TestPluginCache: Discovered the extensions using extension path ''.
TpTrace Verbose: 0 : 37332, 4, 2023/02/16, 16:31:31.860, 1375495425897, testhost.dll, TestPluginCache: Discoverers are 'NUnit.VisualStudio.TestAdapter.NUnit3TestDiscoverer, NUnit3.TestAdapter, Version=4.3.1.0, Culture=neutral, PublicKeyToken=4cb40d35494691ac'.
TpTrace Verbose: 0 : 37332, 4, 2023/02/16, 16:31:31.860, 1375495426084, testhost.dll, TestPluginCache: Executors are 'executor://NUnit3TestExecutor'.
TpTrace Verbose: 0 : 37332, 4, 2023/02/16, 16:31:31.860, 1375495426250, testhost.dll, TestPluginCache: Executors2 are ''.
TpTrace Verbose: 0 : 37332, 4, 2023/02/16, 16:31:31.860, 1375495426439, testhost.dll, TestPluginCache: Setting providers are ''.
TpTrace Verbose: 0 : 37332, 4, 2023/02/16, 16:31:31.860, 1375495426590, testhost.dll, TestPluginCache: Loggers are ''.
TpTrace Verbose: 0 : 37332, 4, 2023/02/16, 16:31:31.860, 1375495426736, testhost.dll, TestPluginCache: TestHosts are ''.
TpTrace Verbose: 0 : 37332, 4, 2023/02/16, 16:31:31.860, 1375495426879, testhost.dll, TestPluginCache: DataCollectors are ''.
TpTrace Information: 0 : 37332, 4, 2023/02/16, 16:31:31.862, 1375495452432, testhost.dll, PEReaderHelper.GetAssemblyType: Determined assemblyType:'Managed' for source: 'C:\Users\mpcat\RevatureTraining\MasonC\Interviews\Geico\SpecFlowIntro\SpecFlowIntro\bin\Debug\net6.0\fine-code-coverage\build-output\SpecFlowIntro.dll'
TpTrace Verbose: 0 : 37332, 4, 2023/02/16, 16:31:31.867, 1375495501645, testhost.dll, BaseRunTests.RunTestInternalWithExecutors: Running tests for executor://NUnit3TestExecutor
TpTrace Information: 0 : 37332, 4, 2023/02/16, 16:31:31.870, 1375495532096, testhost.dll, AssemblyResolver.OnResolve: nunit.engine.core: Resolving assembly.
TpTrace Information: 0 : 37332, 4, 2023/02/16, 16:31:31.870, 1375495532882, testhost.dll, AssemblyResolver.OnResolve: nunit.engine.core: Searching in: 'C:\Users\mpcat\RevatureTraining\MasonC\Interviews\Geico\SpecFlowIntro\SpecFlowIntro\bin\Debug\net6.0\fine-code-coverage\build-output'.
TpTrace Information: 0 : 37332, 4, 2023/02/16, 16:31:31.871, 1375495534640, testhost.dll, AssemblyResolver.OnResolve: nunit.engine.core: Loading assembly 'C:\Users\mpcat\RevatureTraining\MasonC\Interviews\Geico\SpecFlowIntro\SpecFlowIntro\bin\Debug\net6.0\fine-code-coverage\build-output\nunit.engine.core.dll'.
TpTrace Information: 0 : 37332, 4, 2023/02/16, 16:31:31.871, 1375495537141, testhost.dll, AssemblyResolver.OnResolve: Resolved assembly: nunit.engine.core, from path: C:\Users\mpcat\RevatureTraining\MasonC\Interviews\Geico\SpecFlowIntro\SpecFlowIntro\bin\Debug\net6.0\fine-code-coverage\build-output\nunit.engine.core.dll
TpTrace Information: 0 : 37332, 4, 2023/02/16, 16:31:31.882, 1375495645662, testhost.dll, NUnit Adapter 4.3.1.0: Test execution started
TpTrace Verbose: 0 : 37332, 4, 2023/02/16, 16:31:31.882, 1375495647855, testhost.dll, TestRequestHandler.SendData: sending data from testhost: {"Version":7,"MessageType":"TestSession.Message","Payload":{"MessageLevel":0,"Message":"NUnit Adapter 4.3.1.0: Test execution started"}}
TpTrace Verbose: 0 : 37332, 4, 2023/02/16, 16:31:31.882, 1375495649233, testhost.dll, MulticastDelegateUtilities.SafeInvoke: TestRunMessageLoggerProxy.SendMessage: Invoking callback 1/1 for Microsoft.VisualStudio.TestPlatform.CrossPlatEngine.Execution.RunTestsWithSources., took 0 ms.
TpTrace Information: 0 : 37332, 4, 2023/02/16, 16:31:31.905, 1375495876104, testhost.dll, Running all tests in C:\Users\mpcat\RevatureTraining\MasonC\Interviews\Geico\SpecFlowIntro\SpecFlowIntro\bin\Debug\net6.0\fine-code-coverage\build-output\SpecFlowIntro.dll
TpTrace Verbose: 0 : 37332, 4, 2023/02/16, 16:31:31.905, 1375495877155, testhost.dll, TestRequestHandler.SendData: sending data from testhost: {"Version":7,"MessageType":"TestSession.Message","Payload":{"MessageLevel":0,"Message":"Running all tests in C:\\Users\\mpcat\\RevatureTraining\\MasonC\\Interviews\\Geico\\SpecFlowIntro\\SpecFlowIntro\\bin\\Debug\\net6.0\\fine-code-coverage\\build-output\\SpecFlowIntro.dll"}}
TpTrace Verbose: 0 : 37332, 4, 2023/02/16, 16:31:31.905, 1375495878071, testhost.dll, MulticastDelegateUtilities.SafeInvoke: TestRunMessageLoggerProxy.SendMessage: Invoking callback 1/1 for Microsoft.VisualStudio.TestPlatform.CrossPlatEngine.Execution.RunTestsWithSources., took 0 ms.
TpTrace Information: 0 : 37332, 4, 2023/02/16, 16:31:31.911, 1375495942092, testhost.dll, AssemblyResolver.OnResolve: testcentric.engine.metadata: Resolving assembly.
TpTrace Information: 0 : 37332, 4, 2023/02/16, 16:31:31.911, 1375495942747, testhost.dll, AssemblyResolver.OnResolve: testcentric.engine.metadata: Searching in: 'C:\Users\mpcat\RevatureTraining\MasonC\Interviews\Geico\SpecFlowIntro\SpecFlowIntro\bin\Debug\net6.0\fine-code-coverage\build-output'.
TpTrace Information: 0 : 37332, 4, 2023/02/16, 16:31:31.912, 1375495944596, testhost.dll, AssemblyResolver.OnResolve: testcentric.engine.metadata: Loading assembly 'C:\Users\mpcat\RevatureTraining\MasonC\Interviews\Geico\SpecFlowIntro\SpecFlowIntro\bin\Debug\net6.0\fine-code-coverage\build-output\testcentric.engine.metadata.dll'.
TpTrace Information: 0 : 37332, 4, 2023/02/16, 16:31:31.912, 1375495947287, testhost.dll, AssemblyResolver.OnResolve: Resolved assembly: testcentric.engine.metadata, from path: C:\Users\mpcat\RevatureTraining\MasonC\Interviews\Geico\SpecFlowIntro\SpecFlowIntro\bin\Debug\net6.0\fine-code-coverage\build-output\testcentric.engine.metadata.dll
TpTrace Information: 0 : 37332, 4, 2023/02/16, 16:31:32.009, 1375496917793, testhost.dll,    NUnit3TestExecutor discovered 2 of 2 NUnit test cases using Current Discovery mode, Non-Explicit run
TpTrace Verbose: 0 : 37332, 4, 2023/02/16, 16:31:32.009, 1375496919036, testhost.dll, TestRequestHandler.SendData: sending data from testhost: {"Version":7,"MessageType":"TestSession.Message","Payload":{"MessageLevel":0,"Message":"   NUnit3TestExecutor discovered 2 of 2 NUnit test cases using Current Discovery mode, Non-Explicit run"}}
TpTrace Verbose: 0 : 37332, 4, 2023/02/16, 16:31:32.009, 1375496920055, testhost.dll, MulticastDelegateUtilities.SafeInvoke: TestRunMessageLoggerProxy.SendMessage: Invoking callback 1/1 for Microsoft.VisualStudio.TestPlatform.CrossPlatEngine.Execution.RunTestsWithSources., took 0 ms.
TpTrace Verbose: 0 : 37332, 15, 2023/02/16, 16:31:32.208, 1375498904668, testhost.dll, TestExecutionRecorder.RecordStart: Starting test: SpecFlowIntro.Features.CalculatorFeature.Adding2NumsTogether("50","70","120",null).
TpTrace Verbose: 0 : 37332, 15, 2023/02/16, 16:31:32.236, 1375499188437, testhost.dll, MulticastDelegateUtilities.SafeInvoke: TestCaseEventsHandler.RaiseTestCaseStart: Invoking callback 1/1 for Microsoft.VisualStudio.TestPlatform.CrossPlatEngine.DataCollection.ProxyOutOfProcDataCollectionManager., took 25 ms.
TpTrace Warning: 0 : 37332, 15, 2023/02/16, 16:31:32.254, 1375499370010, testhost.dll, Given that I have a Calculator
Create Calculator Object ....
-> done: CalculatorStepDefinitions.GivenThatIHaveACalculator() (0.0s)
When 50 and 70 are added
-> done: CalculatorStepDefinitions.WhenAndAreAdded(50, 70) (0.0s)
Then the result should be 120
-> done: CalculatorStepDefinitions.ThenTheResultShouldBe(120) (0.0s)

TpTrace Verbose: 0 : 37332, 15, 2023/02/16, 16:31:32.254, 1375499371198, testhost.dll, TestRequestHandler.SendData: sending data from testhost: {"Version":7,"MessageType":"TestSession.Message","Payload":{"MessageLevel":1,"Message":"Given that I have a Calculator\r\nCreate Calculator Object ....\r\n-> done: CalculatorStepDefinitions.GivenThatIHaveACalculator() (0.0s)\r\nWhen 50 and 70 are added\r\n-> done: CalculatorStepDefinitions.WhenAndAreAdded(50, 70) (0.0s)\r\nThen the result should be 120\r\n-> done: CalculatorStepDefinitions.ThenTheResultShouldBe(120) (0.0s)\r\n"}}
TpTrace Verbose: 0 : 37332, 15, 2023/02/16, 16:31:32.254, 1375499372023, testhost.dll, MulticastDelegateUtilities.SafeInvoke: TestRunMessageLoggerProxy.SendMessage: Invoking callback 1/1 for Microsoft.VisualStudio.TestPlatform.CrossPlatEngine.Execution.RunTestsWithSources., took 0 ms.
TpTrace Verbose: 0 : 37332, 15, 2023/02/16, 16:31:32.254, 1375499372972, testhost.dll, TestExecutionRecorder.RecordEnd: test: SpecFlowIntro.Features.CalculatorFeature.Adding2NumsTogether("50","70","120",null) execution completed.
TpTrace Verbose: 0 : 37332, 15, 2023/02/16, 16:31:32.264, 1375499467759, testhost.dll, MulticastDelegateUtilities.SafeInvoke: TestCaseEventsHandler.RaiseTestCaseEnd: Invoking callback 1/1 for Microsoft.VisualStudio.TestPlatform.CrossPlatEngine.DataCollection.ProxyOutOfProcDataCollectionManager., took 8 ms.
TpTrace Verbose: 0 : 37332, 15, 2023/02/16, 16:31:32.265, 1375499475189, testhost.dll, TestExecutionRecorder.RecordResult: Received result for test: SpecFlowIntro.Features.CalculatorFeature.Adding2NumsTogether("50","70","120",null).
TpTrace Verbose: 0 : 37332, 15, 2023/02/16, 16:31:32.266, 1375499487269, testhost.dll, MulticastDelegateUtilities.SafeInvoke: TestCaseEventsHandler.RaiseTestCaseEnd: Invoking callback 1/1 for Microsoft.VisualStudio.TestPlatform.CrossPlatEngine.DataCollection.ProxyOutOfProcDataCollectionManager., took 1 ms.
TpTrace Warning: 0 : 37332, 15, 2023/02/16, 16:31:32.268, 1375499507387, testhost.dll, TestRunCache: InProgressTests is null
TpTrace Warning: 0 : 37332, 15, 2023/02/16, 16:31:32.268, 1375499508291, testhost.dll, TestRunCache: No test found corresponding to testResult 'Adding2NumsTogether("50","70","120",null)' in inProgress list.
TpTrace Verbose: 0 : 37332, 15, 2023/02/16, 16:31:32.268, 1375499509702, testhost.dll, TestExecutionRecorder.RecordStart: Starting test: SpecFlowIntro.Features.CalculatorFeature.Adding2NumsTogether("30","70","105",null).
TpTrace Verbose: 0 : 37332, 15, 2023/02/16, 16:31:32.270, 1375499523818, testhost.dll, MulticastDelegateUtilities.SafeInvoke: TestCaseEventsHandler.RaiseTestCaseStart: Invoking callback 1/1 for Microsoft.VisualStudio.TestPlatform.CrossPlatEngine.DataCollection.ProxyOutOfProcDataCollectionManager., took 1 ms.
TpTrace Warning: 0 : 37332, 15, 2023/02/16, 16:31:32.271, 1375499542731, testhost.dll, Given that I have a Calculator
Create Calculator Object ....
-> done: CalculatorStepDefinitions.GivenThatIHaveACalculator() (0.0s)
When 30 and 70 are added
-> done: CalculatorStepDefinitions.WhenAndAreAdded(30, 70) (0.0s)
Then the result should be 105
-> error:   Expected: True
  But was:  False
 (0.0s)

TpTrace Verbose: 0 : 37332, 15, 2023/02/16, 16:31:32.272, 1375499543704, testhost.dll, TestRequestHandler.SendData: sending data from testhost: {"Version":7,"MessageType":"TestSession.Message","Payload":{"MessageLevel":1,"Message":"Given that I have a Calculator\r\nCreate Calculator Object ....\r\n-> done: CalculatorStepDefinitions.GivenThatIHaveACalculator() (0.0s)\r\nWhen 30 and 70 are added\r\n-> done: CalculatorStepDefinitions.WhenAndAreAdded(30, 70) (0.0s)\r\nThen the result should be 105\r\n-> error:   Expected: True\r\n  But was:  False\r\n (0.0s)\r\n"}}
TpTrace Verbose: 0 : 37332, 15, 2023/02/16, 16:31:32.272, 1375499545163, testhost.dll, MulticastDelegateUtilities.SafeInvoke: TestRunMessageLoggerProxy.SendMessage: Invoking callback 1/1 for Microsoft.VisualStudio.TestPlatform.CrossPlatEngine.Execution.RunTestsWithSources., took 0 ms.
TpTrace Verbose: 0 : 37332, 15, 2023/02/16, 16:31:32.272, 1375499545571, testhost.dll, TestExecutionRecorder.RecordEnd: test: SpecFlowIntro.Features.CalculatorFeature.Adding2NumsTogether("30","70","105",null) execution completed.
TpTrace Verbose: 0 : 37332, 15, 2023/02/16, 16:31:32.273, 1375499558812, testhost.dll, MulticastDelegateUtilities.SafeInvoke: TestCaseEventsHandler.RaiseTestCaseEnd: Invoking callback 1/1 for Microsoft.VisualStudio.TestPlatform.CrossPlatEngine.DataCollection.ProxyOutOfProcDataCollectionManager., took 1 ms.
TpTrace Verbose: 0 : 37332, 15, 2023/02/16, 16:31:32.273, 1375499559645, testhost.dll, TestExecutionRecorder.RecordResult: Received result for test: SpecFlowIntro.Features.CalculatorFeature.Adding2NumsTogether("30","70","105",null).
TpTrace Verbose: 0 : 37332, 15, 2023/02/16, 16:31:32.273, 1375499560102, testhost.dll, MulticastDelegateUtilities.SafeInvoke: TestCaseEventsHandler.RaiseTestCaseEnd: Invoking callback 1/1 for Microsoft.VisualStudio.TestPlatform.CrossPlatEngine.DataCollection.ProxyOutOfProcDataCollectionManager., took 0 ms.
TpTrace Warning: 0 : 37332, 15, 2023/02/16, 16:31:32.273, 1375499560446, testhost.dll, TestRunCache: InProgressTests is null
TpTrace Warning: 0 : 37332, 15, 2023/02/16, 16:31:32.273, 1375499560769, testhost.dll, TestRunCache: No test found corresponding to testResult 'Adding2NumsTogether("30","70","105",null)' in inProgress list.
TpTrace Information: 0 : 37332, 4, 2023/02/16, 16:31:32.538, 1375502212549, testhost.dll, NUnit Adapter 4.3.1.0: Test execution complete
TpTrace Verbose: 0 : 37332, 4, 2023/02/16, 16:31:32.539, 1375502213818, testhost.dll, TestRequestHandler.SendData: sending data from testhost: {"Version":7,"MessageType":"TestSession.Message","Payload":{"MessageLevel":0,"Message":"NUnit Adapter 4.3.1.0: Test execution complete"}}
TpTrace Verbose: 0 : 37332, 4, 2023/02/16, 16:31:32.539, 1375502215074, testhost.dll, MulticastDelegateUtilities.SafeInvoke: TestRunMessageLoggerProxy.SendMessage: Invoking callback 1/1 for Microsoft.VisualStudio.TestPlatform.CrossPlatEngine.Execution.RunTestsWithSources., took 0 ms.
TpTrace Verbose: 0 : 37332, 4, 2023/02/16, 16:31:32.544, 1375502266043, testhost.dll, BaseRunTests.RunTestInternalWithExecutors: Completed running tests for executor://NUnit3TestExecutor
TpTrace Verbose: 0 : 37332, 4, 2023/02/16, 16:31:32.545, 1375502275627, testhost.dll, MulticastDelegateUtilities.SafeInvoke: TestCaseEventsHandler.RaiseSessionEnd: Invoking callback 1/1 for Microsoft.VisualStudio.TestPlatform.CrossPlatEngine.DataCollection.ProxyOutOfProcDataCollectionManager., took 0 ms.
TpTrace Information: 0 : 37332, 4, 2023/02/16, 16:31:32.548, 1375502306821, testhost.dll, Sending test run complete
TpTrace Verbose: 0 : 37332, 4, 2023/02/16, 16:31:32.576, 1375502590932, testhost.dll, TestRequestHandler.SendData: sending data from testhost: {"Version":7,"MessageType":"TestExecution.Completed","Payload":{"TestRunCompleteArgs":{"TestRunStatistics":{"ExecutedTests":2,"Stats":{"Passed":1,"Failed":1}},"IsCanceled":false,"IsAborted":false,"Error":null,"AttachmentSets":[],"InvokedDataCollectors":[],"ElapsedTimeInRunningTests":"00:00:00.6802980","Metrics":{},"DiscoveredExtensions":{"TestDiscoverers":["NUnit.VisualStudio.TestAdapter.NUnit3TestDiscoverer, NUnit3.TestAdapter, Version=4.3.1.0, Culture=neutral, PublicKeyToken=4cb40d35494691ac"],"TestExecutors":["executor://NUnit3TestExecutor"],"TestExecutors2":[],"TestSettingsProviders":[]}},"LastRunTests":{"NewTestResults":[{"TestCase":{"Id":"ee2a8595-efd8-f46e-4857-5d1284fe90c9","FullyQualifiedName":"SpecFlowIntro.Features.CalculatorFeature.Adding2NumsTogether(\"50\",\"70\",\"120\",null)","DisplayName":"Adding2NumsTogether(\"50\",\"70\",\"120\",null)","ExecutorUri":"executor://NUnit3TestExecutor","Source":"C:\\Users\\mpcat\\RevatureTraining\\MasonC\\Interviews\\Geico\\SpecFlowIntro\\SpecFlowIntro\\bin\\Debug\\net6.0\\fine-code-coverage\\build-output\\SpecFlowIntro.dll","CodeFilePath":null,"LineNumber":0,"Properties":[{"Key":{"Id":"NUnit.Seed","Label":"Seed","Category":"","Description":"","Attributes":0,"ValueType":"System.String"},"Value":"315535138"}]},"Attachments":[],"Outcome":1,"ErrorMessage":null,"ErrorStackTrace":null,"DisplayName":"Adding2NumsTogether(\"50\",\"70\",\"120\",null)","Messages":[{"Category":"StdOutMsgs","Text":"Given that I have a Calculator\r\nCreate Calculator Object ....\r\n-> done: CalculatorStepDefinitions.GivenThatIHaveACalculator() (0.0s)\r\nWhen 50 and 70 are added\r\n-> done: CalculatorStepDefinitions.WhenAndAreAdded(50, 70) (0.0s)\r\nThen the result should be 120\r\n-> done: CalculatorStepDefinitions.ThenTheResultShouldBe(120) (0.0s)\r\n"}],"ComputerName":"DESKTOP-C46S740","Duration":"00:00:00.0237740","StartTime":"2023-02-16T21:31:32.2063439+00:00","EndTime":"2023-02-16T21:31:32.2300418+00:00","Properties":[{"Key":{"Id":"NUnit.Seed","Label":"Seed","Category":"","Description":"","Attributes":0,"ValueType":"System.String"},"Value":"315535138"}]},{"TestCase":{"Id":"764d7ca2-37f3-b7b5-c20e-70b587f41b50","FullyQualifiedName":"SpecFlowIntro.Features.CalculatorFeature.Adding2NumsTogether(\"30\",\"70\",\"105\",null)","DisplayName":"Adding2NumsTogether(\"30\",\"70\",\"105\",null)","ExecutorUri":"executor://NUnit3TestExecutor","Source":"C:\\Users\\mpcat\\RevatureTraining\\MasonC\\Interviews\\Geico\\SpecFlowIntro\\SpecFlowIntro\\bin\\Debug\\net6.0\\fine-code-coverage\\build-output\\SpecFlowIntro.dll","CodeFilePath":null,"LineNumber":0,"Properties":[{"Key":{"Id":"NUnit.Seed","Label":"Seed","Category":"","Description":"","Attributes":0,"ValueType":"System.String"},"Value":"1578552073"}]},"Attachments":[],"Outcome":2,"ErrorMessage":"  Expected: True\r\n  But was:  False\r\n","ErrorStackTrace":"   at SpecFlowIntro.StepDefinitions.CalculatorStepDefinitions.ThenTheResultShouldBe(Int32 result) in C:\\Users\\mpcat\\RevatureTraining\\MasonC\\Interviews\\Geico\\SpecFlowIntro\\SpecFlowIntro\\StepDefinitions\\CalculatorStepDefinitions.cs:line 57\r\n   at TechTalk.SpecFlow.Bindings.BindingInvoker.InvokeBinding(IBinding binding, IContextManager contextManager, Object[] arguments, ITestTracer testTracer, TimeSpan& duration)\r\n   at TechTalk.SpecFlow.Infrastructure.TestExecutionEngine.ExecuteStepMatch(BindingMatch match, Object[] arguments, TimeSpan& duration)\r\n   at TechTalk.SpecFlow.Infrastructure.TestExecutionEngine.ExecuteStep(IContextManager contextManager, StepInstance stepInstance)\r\n   at TechTalk.SpecFlow.Infrastructure.TestExecutionEngine.OnAfterLastStep()\r\n   at TechTalk.SpecFlow.TestRunner.CollectScenarioErrors()\r\n   at SpecFlowIntro.Features.CalculatorFeature.ScenarioCleanup()\r\n   at SpecFlowIntro.Features.CalculatorFeature.Adding2NumsTogether(String num1, String num2, String result, String[] exampleTags) in C:\\Users\\mpcat\\RevatureTraining\\MasonC\\Interviews\\Geico\\SpecFlowIntro\\SpecFlowIntro\\Features\\Calculator.feature:line 28\r\n\n1)    at SpecFlowIntro.StepDefinitions.CalculatorStepDefinitions.ThenTheResultShouldBe(Int32 result) in C:\\Users\\mpcat\\RevatureTraining\\MasonC\\Interviews\\Geico\\SpecFlowIntro\\SpecFlowIntro\\StepDefinitions\\CalculatorStepDefinitions.cs:line 57\r\n\n","DisplayName":"Adding2NumsTogether(\"30\",\"70\",\"105\",null)","Messages":[{"Category":"StdOutMsgs","Text":"Given that I have a Calculator\r\nCreate Calculator Object ....\r\n-> done: CalculatorStepDefinitions.GivenThatIHaveACalculator() (0.0s)\r\nWhen 30 and 70 are added\r\n-> done: CalculatorStepDefinitions.WhenAndAreAdded(30, 70) (0.0s)\r\nThen the result should be 105\r\n-> error:   Expected: True\r\n  But was:  False\r\n (0.0s)\r\n"}],"ComputerName":"DESKTOP-C46S740","Duration":"00:00:00.0280950","StartTime":"2023-02-16T21:31:32.2312259+00:00","EndTime":"2023-02-16T21:31:32.2593209+00:00","Properties":[{"Key":{"Id":"NUnit.Seed","Label":"Seed","Category":"","Description":"","Attributes":0,"ValueType":"System.String"},"Value":"1578552073"}]}],"TestRunStatistics":{"ExecutedTests":2,"Stats":{"Passed":1,"Failed":1}},"ActiveTests":[]},"RunAttachments":[],"ExecutorUris":["executor://nunit3testexecutor/"]}}
TpTrace Verbose: 0 : 37332, 4, 2023/02/16, 16:31:32.577, 1375502594859, testhost.dll, BaseRunTests.RunTests: Run is complete.
TpTrace Verbose: 0 : 37332, 11, 2023/02/16, 16:31:32.577, 1375502600695, testhost.dll, TcpClientExtensions.MessageLoopAsync: NotifyDataAvailable remoteEndPoint: [::ffff:127.0.0.1]:51321 localEndPoint: [::ffff:127.0.0.1]:51322
TpTrace Information: 0 : 37332, 11, 2023/02/16, 16:31:32.577, 1375502603184, testhost.dll, TestRequestHandler.OnMessageReceived: received message: (TestSession.Terminate) -> {"MessageType":"TestSession.Terminate","Payload":null}
TpTrace Information: 0 : 37332, 11, 2023/02/16, 16:31:32.578, 1375502603826, testhost.dll, Session End message received from server. Closing the connection.
TpTrace Information: 0 : 37332, 11, 2023/02/16, 16:31:32.578, 1375502607178, testhost.dll, SocketClient.Stop: Stop communication from server endpoint: 127.0.0.1:051321
TpTrace Information: 0 : 37332, 11, 2023/02/16, 16:31:32.578, 1375502607616, testhost.dll, SocketClient: Stop: Cancellation requested. Stopping message loop.
TpTrace Verbose: 0 : 37332, 11, 2023/02/16, 16:31:32.578, 1375502609089, testhost.dll, LengthPrefixCommunicationChannel.Dispose: Dispose reader and writer.
TpTrace Information: 0 : 37332, 11, 2023/02/16, 16:31:32.578, 1375502609707, testhost.dll, Closing the connection !
TpTrace Verbose: 0 : 37332, 11, 2023/02/16, 16:31:32.578, 1375502610179, testhost.dll, MulticastDelegateUtilities.SafeInvoke: LengthPrefixCommunicationChannel: MessageReceived: Invoking callback 1/1 for Microsoft.VisualStudio.TestPlatform.CommunicationUtilities.TestRequestHandler., took 0 ms.
TpTrace Information: 0 : 37332, 11, 2023/02/16, 16:31:32.578, 1375502612973, testhost.dll, SocketClient.PrivateStop: Stop communication from server endpoint: 127.0.0.1:051321, error:
TpTrace Verbose: 0 : 37332, 11, 2023/02/16, 16:31:32.579, 1375502617191, testhost.dll, LengthPrefixCommunicationChannel.Dispose: Dispose reader and writer.
TpTrace Information: 0 : 37332, 1, 2023/02/16, 16:31:32.579, 1375502617190, testhost.dll, Closing the connection!
TpTrace Verbose: 0 : 37332, 11, 2023/02/16, 16:31:32.579, 1375502617971, testhost.dll, TcpClientExtensions.MessageLoopAsync: exiting MessageLoopAsync remoteEndPoint: [::ffff:127.0.0.1]:51321 localEndPoint: [::ffff:127.0.0.1]:51322
TpTrace Information: 0 : 37332, 1, 2023/02/16, 16:31:32.579, 1375502618816, testhost.dll, Testhost process exiting.
