TpTrace Verbose: 0 : 36904, 1, 2023/02/16, 16:31:31.349, 1375490318398, datacollector.dll, Version: 17.4.0-release-20221019-01
TpTrace Information: 0 : 36904, 1, 2023/02/16, 16:31:31.352, 1375490353338, datacollector.dll, DataCollectorMain.Run: Starting data collector run with args: --port,51316,--parentprocessid,25904,--diag,C:\Users\mpcat\RevatureTraining\MasonC\Interviews\Geico\SpecFlowIntro\SpecFlowIntro\bin\Debug\net6.0\fine-code-coverage\coverage-tool-output\diagnostics.datacollector.23-02-16_16-31-31_26200_1.log,--tracelevel,4
TpTrace Information: 0 : 36904, 1, 2023/02/16, 16:31:31.353, 1375490355331, datacollector.dll, DataCollector: Monitoring parent process with id: '25904'
TpTrace Information: 0 : 36904, 1, 2023/02/16, 16:31:31.355, 1375490381722, datacollector.dll, Trying to connect to server on socket : 127.0.0.1:51316 
TpTrace Verbose: 0 : 36904, 1, 2023/02/16, 16:31:31.361, 1375490440366, datacollector.dll, SocketCommunicationManager : SetupClientAsync : Attempting to connect to the server.
TpTrace Information: 0 : 36904, 7, 2023/02/16, 16:31:31.367, 1375490496223, datacollector.dll, Connected to the server successfully 
TpTrace Information: 0 : 36904, 7, 2023/02/16, 16:31:31.367, 1375490496903, datacollector.dll, Using the buffer size of 16384 bytes
TpTrace Information: 0 : 36904, 1, 2023/02/16, 16:31:31.421, 1375491040350, datacollector.dll, DataCollector: Start Request Processing.
TpTrace Verbose: 0 : 36904, 1, 2023/02/16, 16:31:31.421, 1375491042346, datacollector.dll, SocketCommunicationManager.WaitForServerConnection took: 0 ms, with 90000 ms timeout, and finished with True.
TpTrace Information: 0 : 36904, 1, 2023/02/16, 16:31:31.422, 1375491044051, datacollector.dll, DataCollectionRequestHandler.ProcessRequests: Datacollector received message: (DataCollection.BeforeTestRunStart) -> {"MessageType":"DataCollection.BeforeTestRunStart","Payload":{"SettingsXml":"<RunSettings><RunConfiguration><ResultsDirectory>C:\\Users\\mpcat\\RevatureTraining\\MasonC\\Interviews\\Geico\\SpecFlowIntro\\SpecFlowIntro\\bin\\Debug\\net6.0\\fine-code-coverage\\coverage-tool-output</ResultsDirectory><TargetPlatform>X64</TargetPlatform><TargetFrameworkVersion>.NETCoreApp,Version=v6.0</TargetFrameworkVersion><DesignMode>False</DesignMode><CollectSourceInformation>False</CollectSourceInformation><TestAdaptersPaths>C:\\Program Files\\dotnet\\sdk\\7.0.102\\Extensions</TestAdaptersPaths></RunConfiguration><LoggerRunSettings><Loggers><Logger friendlyName=\"blame\" enabled=\"True\" /><Logger friendlyName=\"Console\" uri=\"logger://microsoft/TestPlatform/ConsoleLogger/v1\" assemblyQualifiedName=\"Microsoft.VisualStudio.TestPlatform.CommandLine.Internal.ConsoleLogger, vstest.console, Version=15.0.0.0, Culture=neutral, PublicKeyToken=b03f5f7f11d50a3a\" codeBase=\"C:\\Program Files\\dotnet\\sdk\\7.0.102\\vstest.console.dll\" enabled=\"True\" /></Loggers></LoggerRunSettings><DataCollectionRunSettings><DataCollectors><DataCollector friendlyName=\"blame\" enabled=\"True\"><Configuration><ResultsDirectory>C:\\Users\\mpcat\\RevatureTraining\\MasonC\\Interviews\\Geico\\SpecFlowIntro\\SpecFlowIntro\\bin\\Debug\\net6.0\\fine-code-coverage\\coverage-tool-output</ResultsDirectory></Configuration></DataCollector></DataCollectors></DataCollectionRunSettings></RunSettings>","Sources":["C:\\Users\\mpcat\\RevatureTraining\\MasonC\\Interviews\\Geico\\SpecFlowIntro\\SpecFlowIntro\\bin\\Debug\\net6.0\\fine-code-coverage\\build-output\\SpecFlowIntro.dll"],"IsTelemetryOptedIn":false}}
TpTrace Verbose: 0 : 36904, 1, 2023/02/16, 16:31:31.452, 1375491352376, datacollector.dll, TestPluginCache: Update extensions started. Skip filter = False
TpTrace Verbose: 0 : 36904, 1, 2023/02/16, 16:31:31.453, 1375491358227, datacollector.dll, TestPluginCache: Using directories for assembly resolution 'C:\Program Files\dotnet\sdk\7.0.102\Extensions'.
TpTrace Verbose: 0 : 36904, 1, 2023/02/16, 16:31:31.453, 1375491358710, datacollector.dll, TestPluginCache: Updated the available extensions to 'C:\Program Files\dotnet\sdk\7.0.102\Extensions\Microsoft.TestPlatform.Extensions.BlameDataCollector.dll,C:\Program Files\dotnet\sdk\7.0.102\Extensions\Microsoft.TestPlatform.Extensions.EventLogCollector.dll'.
TpTrace Verbose: 0 : 36904, 1, 2023/02/16, 16:31:31.457, 1375491403452, datacollector.dll, TestPluginCache.DiscoverTestExtensions: finding test extensions in assemblies ends with: Collector.dll TPluginInfo: Microsoft.VisualStudio.TestPlatform.Common.DataCollector.DataCollectorConfig TExtension: Microsoft.VisualStudio.TestPlatform.ObjectModel.DataCollection.DataCollector
TpTrace Verbose: 0 : 36904, 1, 2023/02/16, 16:31:31.458, 1375491404838, datacollector.dll, TestPluginCache.GetExtensionPaths: Filtered extension paths: C:\Program Files\dotnet\sdk\7.0.102\Extensions\Microsoft.TestPlatform.Extensions.BlameDataCollector.dll
C:\Program Files\dotnet\sdk\7.0.102\Extensions\Microsoft.TestPlatform.Extensions.EventLogCollector.dll
TpTrace Verbose: 0 : 36904, 1, 2023/02/16, 16:31:31.458, 1375491405115, datacollector.dll, TestPluginCache.GetExtensionPaths: Added default extension paths: 
TpTrace Verbose: 0 : 36904, 1, 2023/02/16, 16:31:31.458, 1375491405275, datacollector.dll, TestPluginCache.GetExtensionPaths: Added unfilterableExtensionPaths: 
TpTrace Information: 0 : 36904, 1, 2023/02/16, 16:31:31.458, 1375491409540, datacollector.dll, AssemblyResolver.ctor: Creating AssemblyResolver with searchDirectories C:\Program Files\dotnet\sdk\7.0.102\Extensions,C:\Program Files\dotnet\sdk\7.0.102
TpTrace Verbose: 0 : 36904, 1, 2023/02/16, 16:31:31.459, 1375491414584, datacollector.dll, TestPluginCache.DiscoverTestExtensions: Discovering the extensions using extension path.
TpTrace Verbose: 0 : 36904, 1, 2023/02/16, 16:31:31.459, 1375491415563, datacollector.dll, TestPluginCache.GetExtensionPaths: Filtered extension paths: C:\Program Files\dotnet\sdk\7.0.102\Extensions\Microsoft.TestPlatform.Extensions.BlameDataCollector.dll
C:\Program Files\dotnet\sdk\7.0.102\Extensions\Microsoft.TestPlatform.Extensions.EventLogCollector.dll
TpTrace Verbose: 0 : 36904, 1, 2023/02/16, 16:31:31.459, 1375491415809, datacollector.dll, TestPluginCache.GetExtensionPaths: Added default extension paths: 
TpTrace Verbose: 0 : 36904, 1, 2023/02/16, 16:31:31.459, 1375491415966, datacollector.dll, TestPluginCache.GetExtensionPaths: Added unfilterableExtensionPaths: 
TpTrace Verbose: 0 : 36904, 1, 2023/02/16, 16:31:31.459, 1375491416275, datacollector.dll, TestPluginCache.DiscoverTestExtensions: Discovering the extensions using allExtensionPaths: C:\Program Files\dotnet\sdk\7.0.102\Extensions\Microsoft.TestPlatform.Extensions.BlameDataCollector.dll
C:\Program Files\dotnet\sdk\7.0.102\Extensions\Microsoft.TestPlatform.Extensions.EventLogCollector.dll
TpTrace Information: 0 : 36904, 1, 2023/02/16, 16:31:31.459, 1375491416650, datacollector.dll, AssemblyResolver.AddSearchDirectories: Adding more searchDirectories C:\Program Files\dotnet\sdk\7.0.102\Extensions,C:\Program Files\dotnet\sdk\7.0.102
TpTrace Information: 0 : 36904, 1, 2023/02/16, 16:31:31.459, 1375491416917, datacollector.dll, AssemblyResolver.AddSearchDirectories: Adding more searchDirectories C:\Program Files\dotnet\sdk\7.0.102\Extensions,C:\Program Files\dotnet\sdk\7.0.102
TpTrace Information: 0 : 36904, 1, 2023/02/16, 16:31:31.459, 1375491419501, datacollector.dll, AssemblyResolver.OnResolve: Microsoft.TestPlatform.Extensions.BlameDataCollector: Resolving assembly.
TpTrace Information: 0 : 36904, 1, 2023/02/16, 16:31:31.459, 1375491420145, datacollector.dll, AssemblyResolver.OnResolve: Microsoft.TestPlatform.Extensions.BlameDataCollector: Searching in: 'C:\Program Files\dotnet\sdk\7.0.102\Extensions'.
TpTrace Information: 0 : 36904, 1, 2023/02/16, 16:31:31.464, 1375491467718, datacollector.dll, AssemblyResolver.OnResolve: Microsoft.TestPlatform.Extensions.BlameDataCollector: Loading assembly 'C:\Program Files\dotnet\sdk\7.0.102\Extensions\Microsoft.TestPlatform.Extensions.BlameDataCollector.dll'.
TpTrace Information: 0 : 36904, 1, 2023/02/16, 16:31:31.465, 1375491474420, datacollector.dll, AssemblyResolver.OnResolve: Resolved assembly: Microsoft.TestPlatform.Extensions.BlameDataCollector, from path: C:\Program Files\dotnet\sdk\7.0.102\Extensions\Microsoft.TestPlatform.Extensions.BlameDataCollector.dll
TpTrace Verbose: 0 : 36904, 1, 2023/02/16, 16:31:31.465, 1375491482239, datacollector.dll, MetadataReaderExtensionsHelper: Discovering extensions inside assembly 'Microsoft.TestPlatform.Extensions.BlameDataCollector, Version=15.0.0.0, Culture=neutral, PublicKeyToken=b03f5f7f11d50a3a' file path 'C:\Program Files\dotnet\sdk\7.0.102\Extensions\Microsoft.TestPlatform.Extensions.BlameDataCollector.dll'
TpTrace Error: 0 : 36904, 1, 2023/02/16, 16:31:31.468, 1375491506196, datacollector.dll, The type "Microsoft.TestPlatform.Extensions.BlameDataCollector.BlameCollector" defined in "Microsoft.TestPlatform.Extensions.BlameDataCollector.dll" does not have ExtensionUri attribute.
TpTrace Information: 0 : 36904, 1, 2023/02/16, 16:31:31.469, 1375491514760, datacollector.dll, GetTestExtensionFromType: Register extension with identifier data 'datacollector://microsoft/TestPlatform/Extensions/Blame/v1' and type 'Microsoft.TestPlatform.Extensions.BlameDataCollector.BlameCollector, Microsoft.TestPlatform.Extensions.BlameDataCollector, Version=15.0.0.0, Culture=neutral, PublicKeyToken=b03f5f7f11d50a3a' inside file 'C:\Program Files\dotnet\sdk\7.0.102\Extensions\Microsoft.TestPlatform.Extensions.BlameDataCollector.dll'
TpTrace Information: 0 : 36904, 1, 2023/02/16, 16:31:31.469, 1375491515758, datacollector.dll, AssemblyResolver.OnResolve: Microsoft.TestPlatform.Extensions.EventLogCollector: Resolving assembly.
TpTrace Information: 0 : 36904, 1, 2023/02/16, 16:31:31.469, 1375491516175, datacollector.dll, AssemblyResolver.OnResolve: Microsoft.TestPlatform.Extensions.EventLogCollector: Searching in: 'C:\Program Files\dotnet\sdk\7.0.102\Extensions'.
TpTrace Information: 0 : 36904, 1, 2023/02/16, 16:31:31.469, 1375491521679, datacollector.dll, AssemblyResolver.OnResolve: Microsoft.TestPlatform.Extensions.EventLogCollector: Loading assembly 'C:\Program Files\dotnet\sdk\7.0.102\Extensions\Microsoft.TestPlatform.Extensions.EventLogCollector.dll'.
TpTrace Information: 0 : 36904, 1, 2023/02/16, 16:31:31.470, 1375491526118, datacollector.dll, AssemblyResolver.OnResolve: Resolved assembly: Microsoft.TestPlatform.Extensions.EventLogCollector, from path: C:\Program Files\dotnet\sdk\7.0.102\Extensions\Microsoft.TestPlatform.Extensions.EventLogCollector.dll
TpTrace Verbose: 0 : 36904, 1, 2023/02/16, 16:31:31.470, 1375491526691, datacollector.dll, MetadataReaderExtensionsHelper: Discovering extensions inside assembly 'Microsoft.TestPlatform.Extensions.EventLogCollector, Version=15.0.0.0, Culture=neutral, PublicKeyToken=b03f5f7f11d50a3a' file path 'C:\Program Files\dotnet\sdk\7.0.102\Extensions\Microsoft.TestPlatform.Extensions.EventLogCollector.dll'
TpTrace Error: 0 : 36904, 1, 2023/02/16, 16:31:31.471, 1375491541058, datacollector.dll, The type "Microsoft.TestPlatform.Extensions.EventLogCollector.EventLogDataCollector" defined in "Microsoft.TestPlatform.Extensions.EventLogCollector.dll" does not have ExtensionUri attribute.
TpTrace Information: 0 : 36904, 1, 2023/02/16, 16:31:31.471, 1375491542093, datacollector.dll, GetTestExtensionFromType: Register extension with identifier data 'datacollector://microsoft/EventLog/2.0' and type 'Microsoft.TestPlatform.Extensions.EventLogCollector.EventLogDataCollector, Microsoft.TestPlatform.Extensions.EventLogCollector, Version=15.0.0.0, Culture=neutral, PublicKeyToken=b03f5f7f11d50a3a' inside file 'C:\Program Files\dotnet\sdk\7.0.102\Extensions\Microsoft.TestPlatform.Extensions.EventLogCollector.dll'
TpTrace Verbose: 0 : 36904, 1, 2023/02/16, 16:31:31.471, 1375491543619, datacollector.dll, TestPluginCache: Discovered the extensions using extension path 'C:\Program Files\dotnet\sdk\7.0.102\Extensions\Microsoft.TestPlatform.Extensions.BlameDataCollector.dll,C:\Program Files\dotnet\sdk\7.0.102\Extensions\Microsoft.TestPlatform.Extensions.EventLogCollector.dll'.
TpTrace Verbose: 0 : 36904, 1, 2023/02/16, 16:31:31.472, 1375491543948, datacollector.dll, TestPluginCache: Discoverers are ''.
TpTrace Verbose: 0 : 36904, 1, 2023/02/16, 16:31:31.472, 1375491544144, datacollector.dll, TestPluginCache: Executors are ''.
TpTrace Verbose: 0 : 36904, 1, 2023/02/16, 16:31:31.472, 1375491544359, datacollector.dll, TestPluginCache: Executors2 are ''.
TpTrace Verbose: 0 : 36904, 1, 2023/02/16, 16:31:31.472, 1375491544543, datacollector.dll, TestPluginCache: Setting providers are ''.
TpTrace Verbose: 0 : 36904, 1, 2023/02/16, 16:31:31.472, 1375491544693, datacollector.dll, TestPluginCache: Loggers are ''.
TpTrace Verbose: 0 : 36904, 1, 2023/02/16, 16:31:31.472, 1375491544837, datacollector.dll, TestPluginCache: TestHosts are ''.
TpTrace Verbose: 0 : 36904, 1, 2023/02/16, 16:31:31.472, 1375491545996, datacollector.dll, TestPluginCache: DataCollectors are 'datacollector://microsoft/TestPlatform/Extensions/Blame/v1,datacollector://microsoft/EventLog/2.0'.
TpTrace Information: 0 : 36904, 1, 2023/02/16, 16:31:31.473, 1375491554924, datacollector.dll, TestPluginManager.CreateTestExtension: Attempting to load test extension: Microsoft.TestPlatform.Extensions.BlameDataCollector.BlameCollector
TpTrace Verbose: 0 : 36904, 1, 2023/02/16, 16:31:31.476, 1375491588584, datacollector.dll, MulticastDelegateUtilities.SafeInvoke: DataCollectionEvents.SessionStart: Invoking callbacks was skipped because there are no subscribers.
TpTrace Information: 0 : 36904, 1, 2023/02/16, 16:31:31.477, 1375491594173, datacollector.dll, Listening on Endpoint : 127.0.0.1:51320
TpTrace Information: 0 : 36904, 1, 2023/02/16, 16:31:31.483, 1375491662781, datacollector.dll, DataCollectionRequestHandler.ProcessRequests : DataCollection started.
TpTrace Information: 0 : 36904, 1, 2023/02/16, 16:31:31.497, 1375491797447, datacollector.dll, DataCollectionRequestHandler.ProcessRequests: Datacollector received message: (DataCollection.TestHostLaunched) -> {"MessageType":"DataCollection.TestHostLaunched","Payload":{"ProcessId":37332}}
TpTrace Verbose: 0 : 36904, 1, 2023/02/16, 16:31:31.498, 1375491808977, datacollector.dll, MulticastDelegateUtilities.SafeInvoke: DataCollectionEvents.TestHostLaunched: Invoking callback 1/1 for Microsoft.TestPlatform.Extensions.BlameDataCollector.BlameCollector., took 0 ms.
TpTrace Information: 0 : 36904, 9, 2023/02/16, 16:31:31.636, 1375493185370, datacollector.dll, Using the buffer size of 16384 bytes
TpTrace Verbose: 0 : 36904, 7, 2023/02/16, 16:31:31.636, 1375493185470, datacollector.dll, SocketCommunicationManager.WaitForClientConnection took: 155 ms, with 90000 ms timeout, and finished with True.
TpTrace Information: 0 : 36904, 9, 2023/02/16, 16:31:31.636, 1375493186493, datacollector.dll, Accepted Client request and set the flag
TpTrace Information: 0 : 36904, 7, 2023/02/16, 16:31:32.227, 1375499094430, datacollector.dll, DataCollectionTestCaseEventHandler: Test case starting.
TpTrace Information: 0 : 36904, 7, 2023/02/16, 16:31:32.235, 1375499183250, datacollector.dll, BlameCollector.EventsTestCaseStart: Test Case Start
TpTrace Verbose: 0 : 36904, 7, 2023/02/16, 16:31:32.236, 1375499185845, datacollector.dll, MulticastDelegateUtilities.SafeInvoke: DataCollectionEvents.TestCaseStart: Invoking callback 1/1 for Microsoft.TestPlatform.Extensions.BlameDataCollector.BlameCollector., took 0 ms.
TpTrace Information: 0 : 36904, 7, 2023/02/16, 16:31:32.236, 1375499188063, datacollector.dll, DataCollectionTestCaseEventHandler: Test case 'Adding2NumsTogether("50","70","120",null) - ee2a8595-efd8-f46e-4857-5d1284fe90c9' started.
TpTrace Information: 0 : 36904, 7, 2023/02/16, 16:31:32.257, 1375499401907, datacollector.dll, DataCollectionTestCaseEventHandler: Test case completing.
TpTrace Information: 0 : 36904, 7, 2023/02/16, 16:31:32.260, 1375499428714, datacollector.dll, BlameCollector.EventsTestCaseEnd: Test Case End
TpTrace Verbose: 0 : 36904, 7, 2023/02/16, 16:31:32.260, 1375499430619, datacollector.dll, MulticastDelegateUtilities.SafeInvoke: DataCollectionEvents.TestCaseEnd: Invoking callback 1/1 for Microsoft.TestPlatform.Extensions.BlameDataCollector.BlameCollector., took 0 ms.
TpTrace Information: 0 : 36904, 7, 2023/02/16, 16:31:32.262, 1375499448238, datacollector.dll, DataCollectionTestCaseEventHandler: Test case 'Adding2NumsTogether("50","70","120",null) - ee2a8595-efd8-f46e-4857-5d1284fe90c9' completed
TpTrace Information: 0 : 36904, 7, 2023/02/16, 16:31:32.268, 1375499513153, datacollector.dll, DataCollectionTestCaseEventHandler: Test case starting.
TpTrace Information: 0 : 36904, 7, 2023/02/16, 16:31:32.269, 1375499521446, datacollector.dll, BlameCollector.EventsTestCaseStart: Test Case Start
TpTrace Verbose: 0 : 36904, 7, 2023/02/16, 16:31:32.269, 1375499522262, datacollector.dll, MulticastDelegateUtilities.SafeInvoke: DataCollectionEvents.TestCaseStart: Invoking callback 1/1 for Microsoft.TestPlatform.Extensions.BlameDataCollector.BlameCollector., took 0 ms.
TpTrace Information: 0 : 36904, 7, 2023/02/16, 16:31:32.270, 1375499523851, datacollector.dll, DataCollectionTestCaseEventHandler: Test case 'Adding2NumsTogether("30","70","105",null) - 764d7ca2-37f3-b7b5-c20e-70b587f41b50' started.
TpTrace Information: 0 : 36904, 7, 2023/02/16, 16:31:32.272, 1375499548655, datacollector.dll, DataCollectionTestCaseEventHandler: Test case completing.
TpTrace Information: 0 : 36904, 7, 2023/02/16, 16:31:32.273, 1375499556422, datacollector.dll, BlameCollector.EventsTestCaseEnd: Test Case End
TpTrace Verbose: 0 : 36904, 7, 2023/02/16, 16:31:32.273, 1375499556946, datacollector.dll, MulticastDelegateUtilities.SafeInvoke: DataCollectionEvents.TestCaseEnd: Invoking callback 1/1 for Microsoft.TestPlatform.Extensions.BlameDataCollector.BlameCollector., took 0 ms.
TpTrace Information: 0 : 36904, 7, 2023/02/16, 16:31:32.273, 1375499558084, datacollector.dll, DataCollectionTestCaseEventHandler: Test case 'Adding2NumsTogether("30","70","105",null) - 764d7ca2-37f3-b7b5-c20e-70b587f41b50' completed
TpTrace Information: 0 : 36904, 7, 2023/02/16, 16:31:32.545, 1375502275777, datacollector.dll, DataCollectionTestCaseEventHandler: Test session ended
TpTrace Information: 0 : 36904, 1, 2023/02/16, 16:31:32.600, 1375502824194, datacollector.dll, DataCollectionRequestHandler.ProcessRequests: Datacollector received message: (DataCollection.AfterTestRunEnd) -> {"MessageType":"DataCollection.AfterTestRunEnd","Payload":false}
TpTrace Information: 0 : 36904, 1, 2023/02/16, 16:31:32.600, 1375502831269, datacollector.dll, Blame Collector: Session End
TpTrace Information: 0 : 36904, 1, 2023/02/16, 16:31:32.600, 1375502831667, datacollector.dll, BlameCollector.CollectDumpAndAbortTesthost: Custom path to dump directory was provided via VSTEST_DUMP_PATH. Skipping attachment upload, the caller is responsible for collecting and uploading the dumps themselves.
TpTrace Verbose: 0 : 36904, 1, 2023/02/16, 16:31:32.600, 1375502832137, datacollector.dll, MulticastDelegateUtilities.SafeInvoke: DataCollectionEvents.SessionEnd: Invoking callback 1/1 for Microsoft.TestPlatform.Extensions.BlameDataCollector.BlameCollector., took 0 ms.
TpTrace Information: 0 : 36904, 1, 2023/02/16, 16:31:32.601, 1375502836657, datacollector.dll, DataCollectionManager.CleanupPlugins: CleanupPlugins called
TpTrace Verbose: 0 : 36904, 1, 2023/02/16, 16:31:32.601, 1375502836996, datacollector.dll, DataCollectionManager.CleanupPlugins: Cleaning up 1 plugins
TpTrace Verbose: 0 : 36904, 1, 2023/02/16, 16:31:32.601, 1375502837869, datacollector.dll, dataCollectorInfo.DisposeDataCollector: calling Dispose() on Microsoft.TestPlatform.Extensions.BlameDataCollector.BlameCollector
TpTrace Information: 0 : 36904, 1, 2023/02/16, 16:31:32.601, 1375502838305, datacollector.dll, DataCollectionManager.CleanupPlugins: CleanupPlugins finished
TpTrace Information: 0 : 36904, 1, 2023/02/16, 16:31:32.605, 1375502874589, datacollector.dll, DataCollectionRequestHandler.ProcessRequests : Session End message received from server. Closing the connection.
TpTrace Information: 0 : 36904, 1, 2023/02/16, 16:31:32.605, 1375502876429, datacollector.dll, Closing the connection !
TpTrace Information: 0 : 36904, 1, 2023/02/16, 16:31:32.605, 1375502876906, datacollector.dll, DataCollectionRequestHandler.ProcessRequests : DataCollection completed
TpTrace Information: 0 : 36904, 1, 2023/02/16, 16:31:32.605, 1375502877632, datacollector.dll, Program.Main: exiting datacollector process.
